2018-05-02 10:26:30,302 [Worker-4] INFO  c.g.t.t.d.PublishedGradleVersions - Gradle version information cache is out-of-date. Trying to update.
2018-05-02 10:42:33,238 [Worker-16] INFO  o.e.m.c.i.l.LifecycleMappingFactory - Using org.eclipse.m2e.jdt.JarLifecycleMapping lifecycle mapping for MavenProject: cisc181.Spring2018.edu:FlamingoBLL:0.0.1-SNAPSHOT @ /Users/samanthascheid/git/Lab5StarterSpring2018/FlamingoBLL/pom.xml.
2018-05-02 10:42:34,126 [Worker-16] INFO  o.e.m.c.i.e.AbstractTransferListenerAdapter - Downloading https://repo.maven.apache.org/maven2/javax/activation/activation/1.1.1/activation-1.1.1.pom
2018-05-02 10:42:34,145 [Worker-16] INFO  o.e.m.c.i.e.AbstractTransferListenerAdapter - Downloaded https://repo.maven.apache.org/maven2/javax/activation/activation/1.1.1/activation-1.1.1.pom
2018-05-02 10:42:34,311 [Worker-16] INFO  o.e.m.c.i.e.AbstractTransferListenerAdapter - Downloading https://repo.maven.apache.org/maven2/javax/xml/bind/jaxb-api/2.2.11/jaxb-api-2.2.11.pom
2018-05-02 10:42:34,340 [Worker-16] INFO  o.e.m.c.i.e.AbstractTransferListenerAdapter - Downloaded https://repo.maven.apache.org/maven2/javax/xml/bind/jaxb-api/2.2.11/jaxb-api-2.2.11.pom
2018-05-02 10:42:34,359 [Worker-16] INFO  o.e.m.c.i.e.AbstractTransferListenerAdapter - Downloading https://repo.maven.apache.org/maven2/net/java/jvnet-parent/4/jvnet-parent-4.pom
2018-05-02 10:42:34,377 [Worker-16] INFO  o.e.m.c.i.e.AbstractTransferListenerAdapter - Downloaded https://repo.maven.apache.org/maven2/net/java/jvnet-parent/4/jvnet-parent-4.pom
2018-05-02 10:42:34,399 [Worker-16] INFO  o.e.m.c.i.e.AbstractTransferListenerAdapter - Downloading https://repo.maven.apache.org/maven2/com/sun/xml/bind/jaxb-core/2.2.11/jaxb-core-2.2.11.pom
2018-05-02 10:42:34,425 [Worker-16] INFO  o.e.m.c.i.e.AbstractTransferListenerAdapter - Downloaded https://repo.maven.apache.org/maven2/com/sun/xml/bind/jaxb-core/2.2.11/jaxb-core-2.2.11.pom
2018-05-02 10:42:34,445 [Worker-16] INFO  o.e.m.c.i.e.AbstractTransferListenerAdapter - Downloading https://repo.maven.apache.org/maven2/com/sun/xml/bind/mvn/jaxb-bundles/2.2.11/jaxb-bundles-2.2.11.pom
2018-05-02 10:42:34,467 [Worker-16] INFO  o.e.m.c.i.e.AbstractTransferListenerAdapter - Downloaded https://repo.maven.apache.org/maven2/com/sun/xml/bind/mvn/jaxb-bundles/2.2.11/jaxb-bundles-2.2.11.pom
2018-05-02 10:42:34,496 [Worker-16] INFO  o.e.m.c.i.e.AbstractTransferListenerAdapter - Downloading https://repo.maven.apache.org/maven2/com/sun/xml/bind/mvn/jaxb-parent/2.2.11/jaxb-parent-2.2.11.pom
2018-05-02 10:42:34,526 [Worker-16] INFO  o.e.m.c.i.e.AbstractTransferListenerAdapter - Downloaded https://repo.maven.apache.org/maven2/com/sun/xml/bind/mvn/jaxb-parent/2.2.11/jaxb-parent-2.2.11.pom
2018-05-02 10:42:34,551 [Worker-16] INFO  o.e.m.c.i.e.AbstractTransferListenerAdapter - Downloading https://repo.maven.apache.org/maven2/com/sun/xml/bind/jaxb-bom-ext/2.2.11/jaxb-bom-ext-2.2.11.pom
2018-05-02 10:42:34,572 [Worker-16] INFO  o.e.m.c.i.e.AbstractTransferListenerAdapter - Downloaded https://repo.maven.apache.org/maven2/com/sun/xml/bind/jaxb-bom-ext/2.2.11/jaxb-bom-ext-2.2.11.pom
2018-05-02 10:42:34,671 [Worker-16] INFO  o.e.m.c.i.e.AbstractTransferListenerAdapter - Downloading https://repo.maven.apache.org/maven2/org/glassfish/jaxb/jaxb-bom/2.2.11/jaxb-bom-2.2.11.pom
2018-05-02 10:42:34,705 [Worker-16] INFO  o.e.m.c.i.e.AbstractTransferListenerAdapter - Downloaded https://repo.maven.apache.org/maven2/org/glassfish/jaxb/jaxb-bom/2.2.11/jaxb-bom-2.2.11.pom
2018-05-02 10:42:34,721 [Worker-16] WARN  o.e.m.c.i.embedder.EclipseLogger - The POM for com.sun.xml.bind:jaxb-core:jar:2.2.11 is invalid, transitive dependencies (if any) will not be available, enable debug logging for more details
2018-05-02 10:42:34,738 [Worker-16] INFO  o.e.m.c.i.e.AbstractTransferListenerAdapter - Downloading https://repo.maven.apache.org/maven2/com/sun/xml/bind/jaxb-impl/2.2.11/jaxb-impl-2.2.11.pom
2018-05-02 10:42:34,759 [Worker-16] INFO  o.e.m.c.i.e.AbstractTransferListenerAdapter - Downloaded https://repo.maven.apache.org/maven2/com/sun/xml/bind/jaxb-impl/2.2.11/jaxb-impl-2.2.11.pom
2018-05-02 10:42:34,772 [Worker-16] WARN  o.e.m.c.i.embedder.EclipseLogger - The POM for com.sun.xml.bind:jaxb-impl:jar:2.2.11 is invalid, transitive dependencies (if any) will not be available, enable debug logging for more details
2018-05-02 10:42:34,817 [Worker-16] INFO  o.e.m.c.i.e.AbstractTransferListenerAdapter - Downloading https://repo.maven.apache.org/maven2/javax/activation/activation/1.1.1/activation-1.1.1.jar
2018-05-02 10:42:34,852 [Worker-16] INFO  o.e.m.c.i.e.AbstractTransferListenerAdapter - Downloaded https://repo.maven.apache.org/maven2/javax/activation/activation/1.1.1/activation-1.1.1.jar
2018-05-02 10:42:34,866 [Worker-16] INFO  o.e.m.c.i.e.AbstractTransferListenerAdapter - Downloading https://repo.maven.apache.org/maven2/javax/xml/bind/jaxb-api/2.2.11/jaxb-api-2.2.11.jar
2018-05-02 10:42:34,904 [Worker-16] INFO  o.e.m.c.i.e.AbstractTransferListenerAdapter - Downloaded https://repo.maven.apache.org/maven2/javax/xml/bind/jaxb-api/2.2.11/jaxb-api-2.2.11.jar
2018-05-02 10:42:34,917 [Worker-16] INFO  o.e.m.c.i.e.AbstractTransferListenerAdapter - Downloading https://repo.maven.apache.org/maven2/com/sun/xml/bind/jaxb-core/2.2.11/jaxb-core-2.2.11.jar
2018-05-02 10:42:34,991 [Worker-16] INFO  o.e.m.c.i.e.AbstractTransferListenerAdapter - Downloaded https://repo.maven.apache.org/maven2/com/sun/xml/bind/jaxb-core/2.2.11/jaxb-core-2.2.11.jar
2018-05-02 10:42:35,002 [Worker-16] INFO  o.e.m.c.i.e.AbstractTransferListenerAdapter - Downloading https://repo.maven.apache.org/maven2/com/sun/xml/bind/jaxb-impl/2.2.11/jaxb-impl-2.2.11.jar
2018-05-02 10:42:35,269 [Worker-16] INFO  o.e.m.c.i.e.AbstractTransferListenerAdapter - Downloaded https://repo.maven.apache.org/maven2/com/sun/xml/bind/jaxb-impl/2.2.11/jaxb-impl-2.2.11.jar
2018-05-02 10:42:37,264 [Worker-16] INFO  o.e.m.c.i.embedder.EclipseLogger - Using 'UTF-8' encoding to copy filtered resources.
2018-05-02 10:42:37,279 [Worker-16] INFO  o.e.m.c.i.embedder.EclipseLogger - Copying 1 resource
2018-05-02 10:42:37,728 [Worker-26] INFO  o.e.m.c.i.l.LifecycleMappingFactory - Using org.eclipse.m2e.jdt.JarLifecycleMapping lifecycle mapping for MavenProject: cisc181.Spring2018.edu:FlamingoBLL:0.0.1-SNAPSHOT @ /Users/samanthascheid/git/Lab5StarterSpring2018/FlamingoBLL/pom.xml.
2018-05-02 10:42:38,243 [Worker-26] WARN  o.e.m.c.i.embedder.EclipseLogger - The POM for com.sun.xml.bind:jaxb-core:jar:2.2.11 is invalid, transitive dependencies (if any) will not be available, enable debug logging for more details
2018-05-02 10:42:38,270 [Worker-26] WARN  o.e.m.c.i.embedder.EclipseLogger - The POM for com.sun.xml.bind:jaxb-impl:jar:2.2.11 is invalid, transitive dependencies (if any) will not be available, enable debug logging for more details
2018-05-02 10:42:38,398 [Worker-26] INFO  o.e.m.c.i.l.LifecycleMappingFactory - Using org.eclipse.m2e.jdt.JarLifecycleMapping lifecycle mapping for MavenProject: cisc181.Spring2018.edu:FlamingoJabber:0.0.1-SNAPSHOT @ /Users/samanthascheid/git/Lab5StarterSpring2018/FlamingoJabber/pom.xml.
2018-05-02 10:42:38,581 [Worker-26] INFO  o.e.m.c.i.l.LifecycleMappingFactory - Using org.eclipse.m2e.jdt.JarLifecycleMapping lifecycle mapping for MavenProject: cisc181.Spring2018.edu:FlamingoJavaFX:0.0.1-SNAPSHOT @ /Users/samanthascheid/git/Lab5StarterSpring2018/FlamingoJavaFX/pom.xml.
2018-05-02 10:42:40,880 [Worker-23] WARN  o.e.m.c.i.embedder.EclipseLogger - The POM for com.sun.xml.bind:jaxb-core:jar:2.2.11 is invalid, transitive dependencies (if any) will not be available, enable debug logging for more details
2018-05-02 10:42:40,895 [Worker-23] WARN  o.e.m.c.i.embedder.EclipseLogger - The POM for com.sun.xml.bind:jaxb-impl:jar:2.2.11 is invalid, transitive dependencies (if any) will not be available, enable debug logging for more details
2018-05-02 10:42:40,922 [Worker-23] INFO  o.e.m.c.i.embedder.EclipseLogger - Using 'UTF-8' encoding to copy filtered resources.
2018-05-02 10:42:40,936 [Worker-23] INFO  o.e.m.c.i.embedder.EclipseLogger - Copying 2 resources
2018-05-02 10:42:40,941 [Worker-23] INFO  o.e.m.c.i.embedder.EclipseLogger - Using 'UTF-8' encoding to copy filtered resources.
2018-05-02 10:42:40,942 [Worker-23] INFO  o.e.m.c.i.embedder.EclipseLogger - Copying 1 resource
2018-05-02 10:42:47,151 [Worker-21] WARN  o.e.m.c.i.embedder.EclipseLogger - The POM for com.sun.xml.bind:jaxb-core:jar:2.2.11 is invalid, transitive dependencies (if any) will not be available, enable debug logging for more details
2018-05-02 10:42:47,165 [Worker-21] WARN  o.e.m.c.i.embedder.EclipseLogger - The POM for com.sun.xml.bind:jaxb-impl:jar:2.2.11 is invalid, transitive dependencies (if any) will not be available, enable debug logging for more details
2018-05-02 10:42:47,268 [Worker-21] INFO  o.e.m.c.i.embedder.EclipseLogger - Using 'UTF-8' encoding to copy filtered resources.
2018-05-02 10:42:47,269 [Worker-21] INFO  o.e.m.c.i.embedder.EclipseLogger - Copying 1 resource
2018-05-02 10:42:47,275 [Worker-21] INFO  o.e.m.c.i.embedder.EclipseLogger - Using 'UTF-8' encoding to copy filtered resources.
2018-05-02 10:42:47,276 [Worker-21] INFO  o.e.m.c.i.embedder.EclipseLogger - skip non existing resourceDirectory /Users/samanthascheid/git/Lab5StarterSpring2018/FlamingoJabber/src/test/resources
2018-05-02 10:42:50,661 [Worker-23] WARN  o.e.m.c.i.embedder.EclipseLogger - The POM for com.sun.xml.bind:jaxb-core:jar:2.2.11 is invalid, transitive dependencies (if any) will not be available, enable debug logging for more details
2018-05-02 10:42:50,669 [Worker-23] WARN  o.e.m.c.i.embedder.EclipseLogger - The POM for com.sun.xml.bind:jaxb-impl:jar:2.2.11 is invalid, transitive dependencies (if any) will not be available, enable debug logging for more details
2018-05-02 10:42:50,854 [Worker-23] INFO  o.e.m.c.i.embedder.EclipseLogger - Using 'UTF-8' encoding to copy filtered resources.
2018-05-02 10:42:50,861 [Worker-23] INFO  o.e.m.c.i.embedder.EclipseLogger - Copying 66 resources
2018-05-02 10:42:51,156 [Worker-23] INFO  o.e.m.c.i.embedder.EclipseLogger - Using 'UTF-8' encoding to copy filtered resources.
2018-05-02 10:42:51,157 [Worker-23] INFO  o.e.m.c.i.embedder.EclipseLogger - Copying 1 resource
2018-05-02 10:46:27,499 [Worker-28] INFO  o.e.m.c.i.l.LifecycleMappingFactory - Using org.eclipse.m2e.jdt.JarLifecycleMapping lifecycle mapping for MavenProject: cisc181.Spring2018.edu:FlamingoBLL:0.0.1-SNAPSHOT @ /Users/samanthascheid/Desktop/CISC181/CISC181_Lab5_Workspace/cisc181_Lab5/FlamingoBLL/pom.xml.
2018-05-02 10:46:27,768 [Worker-28] WARN  o.e.m.c.i.embedder.EclipseLogger - The POM for com.sun.xml.bind:jaxb-core:jar:2.2.11 is invalid, transitive dependencies (if any) will not be available, enable debug logging for more details
2018-05-02 10:46:27,775 [Worker-28] WARN  o.e.m.c.i.embedder.EclipseLogger - The POM for com.sun.xml.bind:jaxb-impl:jar:2.2.11 is invalid, transitive dependencies (if any) will not be available, enable debug logging for more details
2018-05-02 10:46:28,366 [Worker-28] INFO  o.e.m.c.i.embedder.EclipseLogger - Using 'UTF-8' encoding to copy filtered resources.
2018-05-02 10:46:28,367 [Worker-28] INFO  o.e.m.c.i.embedder.EclipseLogger - Copying 2 resources
2018-05-02 10:46:28,415 [Worker-28] INFO  o.e.m.c.i.embedder.EclipseLogger - Using 'UTF-8' encoding to copy filtered resources.
2018-05-02 10:46:28,420 [Worker-28] INFO  o.e.m.c.i.embedder.EclipseLogger - Copying 1 resource
2018-05-02 10:46:29,771 [Worker-28] WARN  o.e.m.c.i.embedder.EclipseLogger - The POM for com.sun.xml.bind:jaxb-core:jar:2.2.11 is invalid, transitive dependencies (if any) will not be available, enable debug logging for more details
2018-05-02 10:46:29,778 [Worker-28] WARN  o.e.m.c.i.embedder.EclipseLogger - The POM for com.sun.xml.bind:jaxb-impl:jar:2.2.11 is invalid, transitive dependencies (if any) will not be available, enable debug logging for more details
2018-05-02 10:46:29,808 [Worker-28] INFO  o.e.m.c.i.embedder.EclipseLogger - Using 'UTF-8' encoding to copy filtered resources.
2018-05-02 10:46:29,818 [Worker-28] INFO  o.e.m.c.i.embedder.EclipseLogger - Copying 2 resources
2018-05-02 10:46:29,822 [Worker-28] INFO  o.e.m.c.i.embedder.EclipseLogger - Using 'UTF-8' encoding to copy filtered resources.
2018-05-02 10:46:29,823 [Worker-28] INFO  o.e.m.c.i.embedder.EclipseLogger - Copying 1 resource
2018-05-02 10:46:30,531 [Worker-28] INFO  o.e.m.c.i.l.LifecycleMappingFactory - Using org.eclipse.m2e.jdt.JarLifecycleMapping lifecycle mapping for MavenProject: cisc181.Spring2018.edu:FlamingoJabber:0.0.1-SNAPSHOT @ /Users/samanthascheid/Desktop/CISC181/CISC181_Lab5_Workspace/cisc181_Lab5/FlamingoJabber/pom.xml.
2018-05-02 10:46:30,773 [Worker-28] WARN  o.e.m.c.i.embedder.EclipseLogger - The POM for com.sun.xml.bind:jaxb-core:jar:2.2.11 is invalid, transitive dependencies (if any) will not be available, enable debug logging for more details
2018-05-02 10:46:30,780 [Worker-28] WARN  o.e.m.c.i.embedder.EclipseLogger - The POM for com.sun.xml.bind:jaxb-impl:jar:2.2.11 is invalid, transitive dependencies (if any) will not be available, enable debug logging for more details
2018-05-02 10:46:31,103 [Worker-28] INFO  o.e.m.c.i.embedder.EclipseLogger - Using 'UTF-8' encoding to copy filtered resources.
2018-05-02 10:46:31,104 [Worker-28] INFO  o.e.m.c.i.embedder.EclipseLogger - Copying 1 resource
2018-05-02 10:46:31,107 [Worker-28] INFO  o.e.m.c.i.embedder.EclipseLogger - Using 'UTF-8' encoding to copy filtered resources.
2018-05-02 10:46:31,107 [Worker-28] INFO  o.e.m.c.i.embedder.EclipseLogger - skip non existing resourceDirectory /Users/samanthascheid/Desktop/CISC181/CISC181_Lab5_Workspace/cisc181_Lab5/FlamingoJabber/src/test/resources
2018-05-02 10:46:37,601 [Worker-28] WARN  o.e.m.c.i.embedder.EclipseLogger - The POM for com.sun.xml.bind:jaxb-core:jar:2.2.11 is invalid, transitive dependencies (if any) will not be available, enable debug logging for more details
2018-05-02 10:46:37,618 [Worker-28] WARN  o.e.m.c.i.embedder.EclipseLogger - The POM for com.sun.xml.bind:jaxb-impl:jar:2.2.11 is invalid, transitive dependencies (if any) will not be available, enable debug logging for more details
2018-05-02 10:46:37,652 [Worker-28] INFO  o.e.m.c.i.embedder.EclipseLogger - Using 'UTF-8' encoding to copy filtered resources.
2018-05-02 10:46:37,653 [Worker-28] INFO  o.e.m.c.i.embedder.EclipseLogger - Copying 1 resource
2018-05-02 10:46:37,658 [Worker-28] INFO  o.e.m.c.i.embedder.EclipseLogger - Using 'UTF-8' encoding to copy filtered resources.
2018-05-02 10:46:37,658 [Worker-28] INFO  o.e.m.c.i.embedder.EclipseLogger - skip non existing resourceDirectory /Users/samanthascheid/Desktop/CISC181/CISC181_Lab5_Workspace/cisc181_Lab5/FlamingoJabber/src/test/resources
2018-05-02 10:46:38,060 [Worker-28] INFO  o.e.m.c.i.l.LifecycleMappingFactory - Using org.eclipse.m2e.jdt.JarLifecycleMapping lifecycle mapping for MavenProject: cisc181.Spring2018.edu:FlamingoJavaFX:0.0.1-SNAPSHOT @ /Users/samanthascheid/Desktop/CISC181/CISC181_Lab5_Workspace/cisc181_Lab5/FlamingoJavaFX/pom.xml.
2018-05-02 10:46:38,235 [Worker-28] WARN  o.e.m.c.i.embedder.EclipseLogger - The POM for com.sun.xml.bind:jaxb-core:jar:2.2.11 is invalid, transitive dependencies (if any) will not be available, enable debug logging for more details
2018-05-02 10:46:38,244 [Worker-28] WARN  o.e.m.c.i.embedder.EclipseLogger - The POM for com.sun.xml.bind:jaxb-impl:jar:2.2.11 is invalid, transitive dependencies (if any) will not be available, enable debug logging for more details
2018-05-02 10:46:38,492 [Worker-28] INFO  o.e.m.c.i.embedder.EclipseLogger - Using 'UTF-8' encoding to copy filtered resources.
2018-05-02 10:46:38,493 [Worker-28] INFO  o.e.m.c.i.embedder.EclipseLogger - Copying 66 resources
2018-05-02 10:46:38,560 [Worker-28] INFO  o.e.m.c.i.embedder.EclipseLogger - Using 'UTF-8' encoding to copy filtered resources.
2018-05-02 10:46:38,561 [Worker-28] INFO  o.e.m.c.i.embedder.EclipseLogger - Copying 1 resource
2018-05-02 10:46:41,158 [Worker-28] WARN  o.e.m.c.i.embedder.EclipseLogger - The POM for com.sun.xml.bind:jaxb-core:jar:2.2.11 is invalid, transitive dependencies (if any) will not be available, enable debug logging for more details
2018-05-02 10:46:41,185 [Worker-28] WARN  o.e.m.c.i.embedder.EclipseLogger - The POM for com.sun.xml.bind:jaxb-impl:jar:2.2.11 is invalid, transitive dependencies (if any) will not be available, enable debug logging for more details
2018-05-02 10:46:41,238 [Worker-28] INFO  o.e.m.c.i.embedder.EclipseLogger - Using 'UTF-8' encoding to copy filtered resources.
2018-05-02 10:46:41,250 [Worker-28] INFO  o.e.m.c.i.embedder.EclipseLogger - Copying 66 resources
2018-05-02 10:46:41,378 [Worker-28] INFO  o.e.m.c.i.embedder.EclipseLogger - Using 'UTF-8' encoding to copy filtered resources.
2018-05-02 10:46:41,378 [Worker-28] INFO  o.e.m.c.i.embedder.EclipseLogger - Copying 1 resource
2018-05-07 10:41:09,783 [Worker-9] INFO  c.g.t.t.d.PublishedGradleVersions - Gradle version information cache is out-of-date. Trying to update.
2018-05-07 10:41:23,322 [Worker-118] INFO  o.e.m.c.i.l.LifecycleMappingFactory - Using org.eclipse.m2e.jdt.JarLifecycleMapping lifecycle mapping for MavenProject: cisc181.Spring2018.edu:FlamingoBLL:0.0.1-SNAPSHOT @ /Users/samanthascheid/Desktop/CISC181/CISC181_Lab5_Workspace/cisc181_Lab5/FlamingoBLL/pom.xml.
2018-05-07 10:41:24,314 [Worker-118] WARN  o.e.m.c.i.embedder.EclipseLogger - The POM for com.sun.xml.bind:jaxb-core:jar:2.2.11 is invalid, transitive dependencies (if any) will not be available, enable debug logging for more details
2018-05-07 10:41:24,352 [Worker-118] WARN  o.e.m.c.i.embedder.EclipseLogger - The POM for com.sun.xml.bind:jaxb-impl:jar:2.2.11 is invalid, transitive dependencies (if any) will not be available, enable debug logging for more details
2018-05-07 10:41:24,475 [Worker-118] INFO  o.e.m.c.i.l.LifecycleMappingFactory - Using org.eclipse.m2e.jdt.JarLifecycleMapping lifecycle mapping for MavenProject: cisc181.Spring2018.edu:FlamingoJabber:0.0.1-SNAPSHOT @ /Users/samanthascheid/Desktop/CISC181/CISC181_Lab5_Workspace/cisc181_Lab5/FlamingoJabber/pom.xml.
2018-05-07 10:41:24,695 [Worker-118] INFO  o.e.m.c.i.l.LifecycleMappingFactory - Using org.eclipse.m2e.jdt.JarLifecycleMapping lifecycle mapping for MavenProject: cisc181.Spring2018.edu:FlamingoJavaFX:0.0.1-SNAPSHOT @ /Users/samanthascheid/Desktop/CISC181/CISC181_Lab5_Workspace/cisc181_Lab5/FlamingoJavaFX/pom.xml.
2018-05-07 10:41:36,887 [Worker-146] WARN  o.e.m.c.i.embedder.EclipseLogger - The POM for com.sun.xml.bind:jaxb-core:jar:2.2.11 is invalid, transitive dependencies (if any) will not be available, enable debug logging for more details
2018-05-07 10:41:36,960 [Worker-146] WARN  o.e.m.c.i.embedder.EclipseLogger - The POM for com.sun.xml.bind:jaxb-impl:jar:2.2.11 is invalid, transitive dependencies (if any) will not be available, enable debug logging for more details
2018-05-07 10:41:37,622 [Worker-146] INFO  o.e.m.c.i.embedder.EclipseLogger - Using 'UTF-8' encoding to copy filtered resources.
2018-05-07 10:41:37,636 [Worker-146] INFO  o.e.m.c.i.embedder.EclipseLogger - Copying 2 resources
2018-05-07 10:41:37,659 [Worker-146] INFO  o.e.m.c.i.embedder.EclipseLogger - Using 'UTF-8' encoding to copy filtered resources.
2018-05-07 10:41:37,660 [Worker-146] INFO  o.e.m.c.i.embedder.EclipseLogger - Copying 1 resource
2018-05-07 10:41:39,274 [Worker-146] WARN  o.e.m.c.i.embedder.EclipseLogger - The POM for com.sun.xml.bind:jaxb-core:jar:2.2.11 is invalid, transitive dependencies (if any) will not be available, enable debug logging for more details
2018-05-07 10:41:39,300 [Worker-146] WARN  o.e.m.c.i.embedder.EclipseLogger - The POM for com.sun.xml.bind:jaxb-impl:jar:2.2.11 is invalid, transitive dependencies (if any) will not be available, enable debug logging for more details
2018-05-07 10:41:39,344 [Worker-146] INFO  o.e.m.c.i.embedder.EclipseLogger - Using 'UTF-8' encoding to copy filtered resources.
2018-05-07 10:41:39,345 [Worker-146] INFO  o.e.m.c.i.embedder.EclipseLogger - Copying 1 resource
2018-05-07 10:41:39,349 [Worker-146] INFO  o.e.m.c.i.embedder.EclipseLogger - Using 'UTF-8' encoding to copy filtered resources.
2018-05-07 10:41:39,349 [Worker-146] INFO  o.e.m.c.i.embedder.EclipseLogger - skip non existing resourceDirectory /Users/samanthascheid/Desktop/CISC181/CISC181_Lab5_Workspace/cisc181_Lab5/FlamingoJabber/src/test/resources
2018-05-07 10:41:40,914 [Worker-146] WARN  o.e.m.c.i.embedder.EclipseLogger - The POM for com.sun.xml.bind:jaxb-core:jar:2.2.11 is invalid, transitive dependencies (if any) will not be available, enable debug logging for more details
2018-05-07 10:41:40,933 [Worker-146] WARN  o.e.m.c.i.embedder.EclipseLogger - The POM for com.sun.xml.bind:jaxb-impl:jar:2.2.11 is invalid, transitive dependencies (if any) will not be available, enable debug logging for more details
2018-05-07 10:41:41,027 [Worker-146] INFO  o.e.m.c.i.embedder.EclipseLogger - Using 'UTF-8' encoding to copy filtered resources.
2018-05-07 10:41:41,032 [Worker-146] INFO  o.e.m.c.i.embedder.EclipseLogger - Copying 66 resources
2018-05-07 10:41:41,118 [Worker-146] INFO  o.e.m.c.i.embedder.EclipseLogger - Using 'UTF-8' encoding to copy filtered resources.
2018-05-07 10:41:41,119 [Worker-146] INFO  o.e.m.c.i.embedder.EclipseLogger - Copying 1 resource
2018-05-07 13:40:01,675 [main] INFO  o.e.m2e.actions.ExecutePomAction - Creating new launch configuration
2018-05-07 13:40:05,803 [Worker-158] INFO  o.e.m.i.launch.MavenLaunchDelegate - /Users/samanthascheid/Desktop/CISC181/CISC181_Lab5_Workspace/cisc181_Lab5/FlamingoBLL
2018-05-07 13:40:05,807 [Worker-158] INFO  o.e.m.i.launch.MavenLaunchDelegate -  mvn -B 
2018-05-07 13:40:36,864 [Worker-167] INFO  o.e.m.i.launch.MavenLaunchDelegate - /Users/samanthascheid/Desktop/CISC181/CISC181_Lab5_Workspace/cisc181_Lab5/FlamingoBLL
2018-05-07 13:40:36,866 [Worker-167] INFO  o.e.m.i.launch.MavenLaunchDelegate -  mvn -B clean
2018-05-07 13:40:39,998 [Worker-165] INFO  o.e.m.c.i.embedder.EclipseLogger - Using 'UTF-8' encoding to copy filtered resources.
2018-05-07 13:40:40,010 [Worker-165] INFO  o.e.m.c.i.embedder.EclipseLogger - Copying 2 resources
2018-05-07 13:40:40,017 [Worker-165] INFO  o.e.m.c.i.embedder.EclipseLogger - Using 'UTF-8' encoding to copy filtered resources.
2018-05-07 13:40:40,017 [Worker-165] INFO  o.e.m.c.i.embedder.EclipseLogger - Copying 1 resource
2018-05-07 13:40:48,828 [main] INFO  o.e.m2e.actions.ExecutePomAction - Creating new launch configuration
2018-05-07 13:40:52,844 [Worker-165] INFO  o.e.m.i.launch.MavenLaunchDelegate - /Users/samanthascheid/Desktop/CISC181/CISC181_Lab5_Workspace/cisc181_Lab5/FlamingoBLL
2018-05-07 13:40:52,844 [Worker-165] INFO  o.e.m.i.launch.MavenLaunchDelegate -  mvn -B clean install
2018-05-07 13:41:15,564 [main] INFO  o.e.m2e.actions.ExecutePomAction - Creating new launch configuration
2018-05-07 13:41:18,737 [Worker-167] INFO  o.e.m.i.launch.MavenLaunchDelegate - /Users/samanthascheid/Desktop/CISC181/CISC181_Lab5_Workspace/cisc181_Lab5/FlamingoJabber
2018-05-07 13:41:18,738 [Worker-167] INFO  o.e.m.i.launch.MavenLaunchDelegate -  mvn -B clean install
2018-05-07 13:41:57,422 [main] INFO  o.e.m2e.actions.ExecutePomAction - Creating new launch configuration
2018-05-07 13:42:02,023 [Worker-168] INFO  o.e.m.i.launch.MavenLaunchDelegate - /Users/samanthascheid/Desktop/CISC181/CISC181_Lab5_Workspace/cisc181_Lab5/FlamingoJavaFX
2018-05-07 13:42:02,024 [Worker-168] INFO  o.e.m.i.launch.MavenLaunchDelegate -  mvn -B jfx:run
2018-05-07 13:44:53,824 [Worker-165] INFO  o.e.m.c.i.p.ProjectConfigurationManager - Update started
2018-05-07 13:44:54,282 [Worker-165] INFO  o.e.m.c.i.l.LifecycleMappingFactory - Using org.eclipse.m2e.jdt.JarLifecycleMapping lifecycle mapping for MavenProject: cisc181.Spring2018.edu:FlamingoBLL:0.0.1-SNAPSHOT @ /Users/samanthascheid/Desktop/CISC181/CISC181_Lab5_Workspace/cisc181_Lab5/FlamingoBLL/pom.xml.
2018-05-07 13:44:54,382 [Worker-165] WARN  o.e.m.c.i.embedder.EclipseLogger - The POM for com.sun.xml.bind:jaxb-core:jar:2.2.11 is invalid, transitive dependencies (if any) will not be available, enable debug logging for more details
2018-05-07 13:44:54,394 [Worker-165] WARN  o.e.m.c.i.embedder.EclipseLogger - The POM for com.sun.xml.bind:jaxb-impl:jar:2.2.11 is invalid, transitive dependencies (if any) will not be available, enable debug logging for more details
2018-05-07 13:44:54,428 [Worker-165] INFO  o.e.m.c.i.l.LifecycleMappingFactory - Using org.eclipse.m2e.jdt.JarLifecycleMapping lifecycle mapping for MavenProject: cisc181.Spring2018.edu:FlamingoJabber:0.0.1-SNAPSHOT @ /Users/samanthascheid/Desktop/CISC181/CISC181_Lab5_Workspace/cisc181_Lab5/FlamingoJabber/pom.xml.
2018-05-07 13:44:54,477 [Worker-165] INFO  o.e.m.c.i.l.LifecycleMappingFactory - Using org.eclipse.m2e.jdt.JarLifecycleMapping lifecycle mapping for MavenProject: cisc181.Spring2018.edu:FlamingoJavaFX:0.0.1-SNAPSHOT @ /Users/samanthascheid/Desktop/CISC181/CISC181_Lab5_Workspace/cisc181_Lab5/FlamingoJavaFX/pom.xml.
2018-05-07 13:44:54,836 [Worker-165] INFO  o.e.m.j.i.AbstractJavaProjectConfigurator - Adding source folder /FlamingoBLL/src/main/java
2018-05-07 13:44:54,837 [Worker-165] INFO  o.e.m.j.i.AbstractJavaProjectConfigurator - Adding resource folder /FlamingoBLL/src/main/resources
2018-05-07 13:44:54,838 [Worker-165] INFO  o.e.m.j.i.AbstractJavaProjectConfigurator - Adding source folder /FlamingoBLL/src/test/java
2018-05-07 13:44:54,838 [Worker-165] INFO  o.e.m.j.i.AbstractJavaProjectConfigurator - Adding resource folder /FlamingoBLL/src/test/resources
2018-05-07 13:44:54,973 [Worker-165] INFO  o.e.m.j.i.AbstractJavaProjectConfigurator - Adding source folder /FlamingoJabber/src/main/java
2018-05-07 13:44:54,973 [Worker-165] INFO  o.e.m.j.i.AbstractJavaProjectConfigurator - Adding resource folder /FlamingoJabber/src/main/resources
2018-05-07 13:44:54,973 [Worker-165] INFO  o.e.m.j.i.AbstractJavaProjectConfigurator - Adding source folder /FlamingoJabber/src/test/java
2018-05-07 13:44:55,081 [Worker-165] INFO  o.e.m.j.i.AbstractJavaProjectConfigurator - Adding source folder /FlamingoJavaFX/src/main/java
2018-05-07 13:44:55,081 [Worker-165] INFO  o.e.m.j.i.AbstractJavaProjectConfigurator - Adding resource folder /FlamingoJavaFX/src/main/resources
2018-05-07 13:44:55,083 [Worker-165] INFO  o.e.m.j.i.AbstractJavaProjectConfigurator - Adding source folder /FlamingoJavaFX/src/test/java
2018-05-07 13:44:55,084 [Worker-165] INFO  o.e.m.j.i.AbstractJavaProjectConfigurator - Adding resource folder /FlamingoJavaFX/src/test/resources
2018-05-07 13:44:56,880 [Worker-165] INFO  o.e.m.c.i.p.ProjectConfigurationManager - Update completed: 3 sec
2018-05-07 13:44:57,892 [Worker-178] WARN  o.e.m.c.i.embedder.EclipseLogger - The POM for com.sun.xml.bind:jaxb-core:jar:2.2.11 is invalid, transitive dependencies (if any) will not be available, enable debug logging for more details
2018-05-07 13:44:57,917 [Worker-178] WARN  o.e.m.c.i.embedder.EclipseLogger - The POM for com.sun.xml.bind:jaxb-impl:jar:2.2.11 is invalid, transitive dependencies (if any) will not be available, enable debug logging for more details
2018-05-07 13:44:57,997 [Worker-178] INFO  o.e.m.c.i.embedder.EclipseLogger - Using 'UTF-8' encoding to copy filtered resources.
2018-05-07 13:44:57,998 [Worker-178] INFO  o.e.m.c.i.embedder.EclipseLogger - Copying 2 resources
2018-05-07 13:44:58,018 [Worker-178] INFO  o.e.m.c.i.embedder.EclipseLogger - Using 'UTF-8' encoding to copy filtered resources.
2018-05-07 13:44:58,020 [Worker-178] INFO  o.e.m.c.i.embedder.EclipseLogger - Copying 1 resource
2018-05-07 13:44:58,579 [Worker-178] WARN  o.e.m.c.i.embedder.EclipseLogger - The POM for com.sun.xml.bind:jaxb-core:jar:2.2.11 is invalid, transitive dependencies (if any) will not be available, enable debug logging for more details
2018-05-07 13:44:58,587 [Worker-178] WARN  o.e.m.c.i.embedder.EclipseLogger - The POM for com.sun.xml.bind:jaxb-impl:jar:2.2.11 is invalid, transitive dependencies (if any) will not be available, enable debug logging for more details
2018-05-07 13:44:58,687 [Worker-178] INFO  o.e.m.c.i.embedder.EclipseLogger - Using 'UTF-8' encoding to copy filtered resources.
2018-05-07 13:44:58,687 [Worker-178] INFO  o.e.m.c.i.embedder.EclipseLogger - Copying 1 resource
2018-05-07 13:44:58,690 [Worker-178] INFO  o.e.m.c.i.embedder.EclipseLogger - Using 'UTF-8' encoding to copy filtered resources.
2018-05-07 13:44:58,691 [Worker-178] INFO  o.e.m.c.i.embedder.EclipseLogger - skip non existing resourceDirectory /Users/samanthascheid/Desktop/CISC181/CISC181_Lab5_Workspace/cisc181_Lab5/FlamingoJabber/src/test/resources
2018-05-07 13:45:00,278 [Worker-178] WARN  o.e.m.c.i.embedder.EclipseLogger - The POM for com.sun.xml.bind:jaxb-core:jar:2.2.11 is invalid, transitive dependencies (if any) will not be available, enable debug logging for more details
2018-05-07 13:45:00,289 [Worker-178] WARN  o.e.m.c.i.embedder.EclipseLogger - The POM for com.sun.xml.bind:jaxb-impl:jar:2.2.11 is invalid, transitive dependencies (if any) will not be available, enable debug logging for more details
2018-05-07 13:45:00,490 [Worker-178] INFO  o.e.m.c.i.embedder.EclipseLogger - Using 'UTF-8' encoding to copy filtered resources.
2018-05-07 13:45:00,492 [Worker-178] INFO  o.e.m.c.i.embedder.EclipseLogger - Copying 66 resources
2018-05-07 13:45:00,623 [Worker-178] INFO  o.e.m.c.i.embedder.EclipseLogger - Using 'UTF-8' encoding to copy filtered resources.
2018-05-07 13:45:00,624 [Worker-178] INFO  o.e.m.c.i.embedder.EclipseLogger - Copying 1 resource
2018-05-07 13:45:58,898 [main] INFO  o.e.m2e.actions.ExecutePomAction - Creating new launch configuration
2018-05-07 13:46:41,684 [Worker-158] INFO  o.e.m.i.launch.MavenLaunchDelegate - /Users/samanthascheid/Desktop/CISC181/CISC181_Lab5_Workspace/cisc181_Lab5/FlamingoJavaFX
2018-05-07 13:46:41,684 [Worker-158] INFO  o.e.m.i.launch.MavenLaunchDelegate -  mvn -B jfx:run
2018-05-07 13:47:12,991 [Worker-173] INFO  o.e.m.i.launch.MavenLaunchDelegate - /Users/samanthascheid/Desktop/CISC181/CISC181_Lab5_Workspace/cisc181_Lab5/FlamingoJavaFX
2018-05-07 13:47:12,992 [Worker-173] INFO  o.e.m.i.launch.MavenLaunchDelegate -  mvn -B jfx:run
2018-05-07 13:48:13,186 [Worker-176] INFO  o.e.m.i.launch.MavenLaunchDelegate - /Users/samanthascheid/Desktop/CISC181/CISC181_Lab5_Workspace/cisc181_Lab5/FlamingoJavaFX
2018-05-07 13:48:13,186 [Worker-176] INFO  o.e.m.i.launch.MavenLaunchDelegate -  mvn -B jfx:run
2018-05-07 13:48:35,797 [Worker-172] INFO  o.e.m.i.launch.MavenLaunchDelegate - /Users/samanthascheid/Desktop/CISC181/CISC181_Lab5_Workspace/cisc181_Lab5/FlamingoJavaFX
2018-05-07 13:48:35,799 [Worker-172] INFO  o.e.m.i.launch.MavenLaunchDelegate -  mvn -B jfx:run
2018-05-07 13:48:50,091 [Worker-173] INFO  o.e.m.i.launch.MavenLaunchDelegate - /Users/samanthascheid/Desktop/CISC181/CISC181_Lab5_Workspace/cisc181_Lab5/FlamingoJavaFX
2018-05-07 13:48:50,091 [Worker-173] INFO  o.e.m.i.launch.MavenLaunchDelegate -  mvn -B jfx:run
2018-05-07 13:49:06,336 [Worker-177] INFO  o.e.m.c.i.embedder.EclipseLogger - Using 'UTF-8' encoding to copy filtered resources.
2018-05-07 13:49:06,338 [Worker-177] INFO  o.e.m.c.i.embedder.EclipseLogger - Copying 2 resources
2018-05-07 13:49:06,345 [Worker-177] INFO  o.e.m.c.i.embedder.EclipseLogger - Using 'UTF-8' encoding to copy filtered resources.
2018-05-07 13:49:06,345 [Worker-177] INFO  o.e.m.c.i.embedder.EclipseLogger - Copying 1 resource
2018-05-07 13:49:06,430 [Worker-177] INFO  o.e.m.c.i.embedder.EclipseLogger - Using 'UTF-8' encoding to copy filtered resources.
2018-05-07 13:49:06,430 [Worker-177] INFO  o.e.m.c.i.embedder.EclipseLogger - Copying 1 resource
2018-05-07 13:49:06,433 [Worker-177] INFO  o.e.m.c.i.embedder.EclipseLogger - Using 'UTF-8' encoding to copy filtered resources.
2018-05-07 13:49:06,433 [Worker-177] INFO  o.e.m.c.i.embedder.EclipseLogger - skip non existing resourceDirectory /Users/samanthascheid/Desktop/CISC181/CISC181_Lab5_Workspace/cisc181_Lab5/FlamingoJabber/src/test/resources
2018-05-07 13:49:07,138 [Worker-177] INFO  o.e.m.c.i.embedder.EclipseLogger - Using 'UTF-8' encoding to copy filtered resources.
2018-05-07 13:49:07,140 [Worker-177] INFO  o.e.m.c.i.embedder.EclipseLogger - Copying 66 resources
2018-05-07 13:49:07,227 [Worker-177] INFO  o.e.m.c.i.embedder.EclipseLogger - Using 'UTF-8' encoding to copy filtered resources.
2018-05-07 13:49:07,228 [Worker-177] INFO  o.e.m.c.i.embedder.EclipseLogger - Copying 1 resource
2018-05-07 13:49:21,887 [Worker-169] INFO  o.e.m.i.launch.MavenLaunchDelegate - /Users/samanthascheid/Desktop/CISC181/CISC181_Lab5_Workspace/cisc181_Lab5/FlamingoJavaFX
2018-05-07 13:49:21,887 [Worker-169] INFO  o.e.m.i.launch.MavenLaunchDelegate -  mvn -B jfx:run
2018-05-07 13:49:57,637 [Worker-176] INFO  o.e.m.i.launch.MavenLaunchDelegate - /Users/samanthascheid/Desktop/CISC181/CISC181_Lab5_Workspace/cisc181_Lab5/FlamingoBLL
2018-05-07 13:49:57,639 [Worker-176] INFO  o.e.m.i.launch.MavenLaunchDelegate -  mvn -B clean install
2018-05-07 13:50:59,138 [main] INFO  o.e.m2e.actions.ExecutePomAction - Using existing launch configuration
2018-05-07 13:50:59,256 [Worker-176] INFO  o.e.m.i.launch.MavenLaunchDelegate - /Users/samanthascheid/Desktop/CISC181/CISC181_Lab5_Workspace/cisc181_Lab5/FlamingoJabber
2018-05-07 13:50:59,256 [Worker-176] INFO  o.e.m.i.launch.MavenLaunchDelegate -  mvn -B clean install
2018-05-07 13:51:33,599 [Worker-173] INFO  o.e.m.i.launch.MavenLaunchDelegate - /Users/samanthascheid/Desktop/CISC181/CISC181_Lab5_Workspace/cisc181_Lab5/FlamingoBLL
2018-05-07 13:51:33,599 [Worker-173] INFO  o.e.m.i.launch.MavenLaunchDelegate -  mvn -B clean install
2018-05-07 13:52:04,946 [main] INFO  o.e.m2e.actions.ExecutePomAction - Creating new launch configuration
2018-05-07 13:52:13,559 [Worker-176] INFO  o.e.m.i.launch.MavenLaunchDelegate - /Users/samanthascheid/Desktop/CISC181/CISC181_Lab5_Workspace/cisc181_Lab5/FlamingoJavaFX
2018-05-07 13:52:13,560 [Worker-176] INFO  o.e.m.i.launch.MavenLaunchDelegate -  mvn -B jfx:run
2018-05-07 14:06:33,545 [Worker-181] INFO  o.e.m.c.i.embedder.EclipseLogger - Using 'UTF-8' encoding to copy filtered resources.
2018-05-07 14:06:33,558 [Worker-181] INFO  o.e.m.c.i.embedder.EclipseLogger - Copying 66 resources
2018-05-07 14:06:33,564 [Worker-181] INFO  o.e.m.c.i.embedder.EclipseLogger - Using 'UTF-8' encoding to copy filtered resources.
2018-05-07 14:06:33,565 [Worker-181] INFO  o.e.m.c.i.embedder.EclipseLogger - Copying 0 resource
2018-05-07 14:06:34,694 [Worker-184] INFO  o.e.m.c.i.embedder.EclipseLogger - Using 'UTF-8' encoding to copy filtered resources.
2018-05-07 14:06:34,697 [Worker-184] INFO  o.e.m.c.i.embedder.EclipseLogger - Copying 2 resources
2018-05-07 14:06:34,699 [Worker-184] INFO  o.e.m.c.i.embedder.EclipseLogger - Using 'UTF-8' encoding to copy filtered resources.
2018-05-07 14:06:34,699 [Worker-184] INFO  o.e.m.c.i.embedder.EclipseLogger - Copying 0 resource
2018-05-07 14:14:00,461 [Worker-185] INFO  o.e.m.c.i.embedder.EclipseLogger - Using 'UTF-8' encoding to copy filtered resources.
2018-05-07 14:14:00,472 [Worker-185] INFO  o.e.m.c.i.embedder.EclipseLogger - Copying 66 resources
2018-05-07 14:14:00,478 [Worker-185] INFO  o.e.m.c.i.embedder.EclipseLogger - Using 'UTF-8' encoding to copy filtered resources.
2018-05-07 14:14:00,478 [Worker-185] INFO  o.e.m.c.i.embedder.EclipseLogger - Copying 0 resource
2018-05-07 14:14:47,930 [Worker-180] INFO  o.e.m.c.i.embedder.EclipseLogger - Using 'UTF-8' encoding to copy filtered resources.
2018-05-07 14:14:47,936 [Worker-180] INFO  o.e.m.c.i.embedder.EclipseLogger - Copying 66 resources
2018-05-07 14:14:47,942 [Worker-180] INFO  o.e.m.c.i.embedder.EclipseLogger - Using 'UTF-8' encoding to copy filtered resources.
2018-05-07 14:14:47,943 [Worker-180] INFO  o.e.m.c.i.embedder.EclipseLogger - Copying 0 resource
2018-05-07 14:25:34,874 [Worker-194] INFO  o.e.m.c.i.embedder.EclipseLogger - Using 'UTF-8' encoding to copy filtered resources.
2018-05-07 14:25:34,883 [Worker-194] INFO  o.e.m.c.i.embedder.EclipseLogger - Copying 66 resources
2018-05-07 14:25:34,888 [Worker-194] INFO  o.e.m.c.i.embedder.EclipseLogger - Using 'UTF-8' encoding to copy filtered resources.
2018-05-07 14:25:34,888 [Worker-194] INFO  o.e.m.c.i.embedder.EclipseLogger - Copying 0 resource
2018-05-07 14:26:19,325 [Worker-193] INFO  o.e.m.c.i.embedder.EclipseLogger - Using 'UTF-8' encoding to copy filtered resources.
2018-05-07 14:26:19,331 [Worker-193] INFO  o.e.m.c.i.embedder.EclipseLogger - Copying 66 resources
2018-05-07 14:26:19,337 [Worker-193] INFO  o.e.m.c.i.embedder.EclipseLogger - Using 'UTF-8' encoding to copy filtered resources.
2018-05-07 14:26:19,337 [Worker-193] INFO  o.e.m.c.i.embedder.EclipseLogger - Copying 0 resource
2018-05-07 14:28:26,148 [Worker-183] INFO  o.e.m.c.i.embedder.EclipseLogger - Using 'UTF-8' encoding to copy filtered resources.
2018-05-07 14:28:26,152 [Worker-183] INFO  o.e.m.c.i.embedder.EclipseLogger - Copying 66 resources
2018-05-07 14:28:26,158 [Worker-183] INFO  o.e.m.c.i.embedder.EclipseLogger - Using 'UTF-8' encoding to copy filtered resources.
2018-05-07 14:28:26,159 [Worker-183] INFO  o.e.m.c.i.embedder.EclipseLogger - Copying 0 resource
2018-05-07 14:29:20,969 [Worker-195] INFO  o.e.m.c.i.embedder.EclipseLogger - Using 'UTF-8' encoding to copy filtered resources.
2018-05-07 14:29:20,973 [Worker-195] INFO  o.e.m.c.i.embedder.EclipseLogger - Copying 66 resources
2018-05-07 14:29:20,980 [Worker-195] INFO  o.e.m.c.i.embedder.EclipseLogger - Using 'UTF-8' encoding to copy filtered resources.
2018-05-07 14:29:20,980 [Worker-195] INFO  o.e.m.c.i.embedder.EclipseLogger - Copying 0 resource
2018-05-07 14:30:02,862 [Worker-194] INFO  o.e.m.c.i.embedder.EclipseLogger - Using 'UTF-8' encoding to copy filtered resources.
2018-05-07 14:30:02,871 [Worker-194] INFO  o.e.m.c.i.embedder.EclipseLogger - Copying 66 resources
2018-05-07 14:30:02,876 [Worker-194] INFO  o.e.m.c.i.embedder.EclipseLogger - Using 'UTF-8' encoding to copy filtered resources.
2018-05-07 14:30:02,876 [Worker-194] INFO  o.e.m.c.i.embedder.EclipseLogger - Copying 0 resource
2018-05-07 14:30:48,555 [Worker-183] INFO  o.e.m.c.i.embedder.EclipseLogger - Using 'UTF-8' encoding to copy filtered resources.
2018-05-07 14:30:48,559 [Worker-183] INFO  o.e.m.c.i.embedder.EclipseLogger - Copying 66 resources
2018-05-07 14:30:48,580 [Worker-183] INFO  o.e.m.c.i.embedder.EclipseLogger - Using 'UTF-8' encoding to copy filtered resources.
2018-05-07 14:30:48,580 [Worker-183] INFO  o.e.m.c.i.embedder.EclipseLogger - Copying 0 resource
2018-05-07 14:31:12,820 [Worker-196] INFO  o.e.m.c.i.embedder.EclipseLogger - Using 'UTF-8' encoding to copy filtered resources.
2018-05-07 14:31:12,823 [Worker-196] INFO  o.e.m.c.i.embedder.EclipseLogger - Copying 66 resources
2018-05-07 14:31:12,827 [Worker-196] INFO  o.e.m.c.i.embedder.EclipseLogger - Using 'UTF-8' encoding to copy filtered resources.
2018-05-07 14:31:12,827 [Worker-196] INFO  o.e.m.c.i.embedder.EclipseLogger - Copying 0 resource
2018-05-07 14:32:14,870 [Worker-196] INFO  o.e.m.c.i.embedder.EclipseLogger - Using 'UTF-8' encoding to copy filtered resources.
2018-05-07 14:32:14,875 [Worker-196] INFO  o.e.m.c.i.embedder.EclipseLogger - Copying 66 resources
2018-05-07 14:32:14,878 [Worker-196] INFO  o.e.m.c.i.embedder.EclipseLogger - Using 'UTF-8' encoding to copy filtered resources.
2018-05-07 14:32:14,878 [Worker-196] INFO  o.e.m.c.i.embedder.EclipseLogger - Copying 0 resource
2018-05-08 17:41:30,859 [Worker-8] INFO  c.g.t.t.d.PublishedGradleVersions - Gradle version information cache is out-of-date. Trying to update.
2018-05-08 17:42:03,199 [Worker-16] WARN  o.e.m.c.i.embedder.EclipseLogger - The POM for com.sun.xml.bind:jaxb-core:jar:2.2.11 is invalid, transitive dependencies (if any) will not be available, enable debug logging for more details
2018-05-08 17:42:03,229 [Worker-16] WARN  o.e.m.c.i.embedder.EclipseLogger - The POM for com.sun.xml.bind:jaxb-impl:jar:2.2.11 is invalid, transitive dependencies (if any) will not be available, enable debug logging for more details
2018-05-08 17:51:02,553 [Worker-13] INFO  o.e.m.c.i.embedder.EclipseLogger - Using 'UTF-8' encoding to copy filtered resources.
2018-05-08 17:51:02,587 [Worker-13] INFO  o.e.m.c.i.embedder.EclipseLogger - Copying 66 resources
2018-05-08 17:51:02,749 [Worker-13] INFO  o.e.m.c.i.embedder.EclipseLogger - Using 'UTF-8' encoding to copy filtered resources.
2018-05-08 17:51:02,750 [Worker-13] INFO  o.e.m.c.i.embedder.EclipseLogger - Copying 1 resource
2018-05-08 17:51:05,414 [Worker-33] INFO  o.e.m.c.i.embedder.EclipseLogger - Using 'UTF-8' encoding to copy filtered resources.
2018-05-08 17:51:05,415 [Worker-33] INFO  o.e.m.c.i.embedder.EclipseLogger - Copying 2 resources
2018-05-08 17:51:05,422 [Worker-33] INFO  o.e.m.c.i.embedder.EclipseLogger - Using 'UTF-8' encoding to copy filtered resources.
2018-05-08 17:51:05,422 [Worker-33] INFO  o.e.m.c.i.embedder.EclipseLogger - Copying 1 resource
2018-05-08 17:51:05,765 [Worker-33] INFO  o.e.m.c.i.embedder.EclipseLogger - Using 'UTF-8' encoding to copy filtered resources.
2018-05-08 17:51:05,765 [Worker-33] INFO  o.e.m.c.i.embedder.EclipseLogger - Copying 1 resource
2018-05-08 17:51:05,769 [Worker-33] INFO  o.e.m.c.i.embedder.EclipseLogger - Using 'UTF-8' encoding to copy filtered resources.
2018-05-08 17:51:05,772 [Worker-33] INFO  o.e.m.c.i.embedder.EclipseLogger - skip non existing resourceDirectory /Users/samanthascheid/Desktop/CISC181/CISC181_Lab5_Workspace/cisc181_Lab5/FlamingoJabber/src/test/resources
2018-05-08 17:52:44,904 [Worker-9] INFO  o.e.m.c.i.embedder.EclipseLogger - Using 'UTF-8' encoding to copy filtered resources.
2018-05-08 17:52:44,933 [Worker-9] INFO  o.e.m.c.i.embedder.EclipseLogger - Copying 66 resources
2018-05-08 17:52:44,938 [Worker-9] INFO  o.e.m.c.i.embedder.EclipseLogger - Using 'UTF-8' encoding to copy filtered resources.
2018-05-08 17:52:44,938 [Worker-9] INFO  o.e.m.c.i.embedder.EclipseLogger - Copying 0 resource
2018-05-08 17:53:45,521 [Worker-34] INFO  o.e.m.c.i.embedder.EclipseLogger - Using 'UTF-8' encoding to copy filtered resources.
2018-05-08 17:53:45,527 [Worker-34] INFO  o.e.m.c.i.embedder.EclipseLogger - Copying 66 resources
2018-05-08 17:53:45,534 [Worker-34] INFO  o.e.m.c.i.embedder.EclipseLogger - Using 'UTF-8' encoding to copy filtered resources.
2018-05-08 17:53:45,534 [Worker-34] INFO  o.e.m.c.i.embedder.EclipseLogger - Copying 0 resource
2018-05-08 17:54:48,915 [Worker-13] INFO  o.e.m.c.i.embedder.EclipseLogger - Using 'UTF-8' encoding to copy filtered resources.
2018-05-08 17:54:48,920 [Worker-13] INFO  o.e.m.c.i.embedder.EclipseLogger - Copying 66 resources
2018-05-08 17:54:48,927 [Worker-13] INFO  o.e.m.c.i.embedder.EclipseLogger - Using 'UTF-8' encoding to copy filtered resources.
2018-05-08 17:54:48,927 [Worker-13] INFO  o.e.m.c.i.embedder.EclipseLogger - Copying 0 resource
2018-05-08 17:56:14,605 [Worker-9] INFO  o.e.m.c.i.embedder.EclipseLogger - Using 'UTF-8' encoding to copy filtered resources.
2018-05-08 17:56:14,609 [Worker-9] INFO  o.e.m.c.i.embedder.EclipseLogger - Copying 66 resources
2018-05-08 17:56:14,616 [Worker-9] INFO  o.e.m.c.i.embedder.EclipseLogger - Using 'UTF-8' encoding to copy filtered resources.
2018-05-08 17:56:14,617 [Worker-9] INFO  o.e.m.c.i.embedder.EclipseLogger - Copying 0 resource
2018-05-08 18:00:40,010 [Worker-34] INFO  o.e.m.c.i.embedder.EclipseLogger - Using 'UTF-8' encoding to copy filtered resources.
2018-05-08 18:00:40,017 [Worker-34] INFO  o.e.m.c.i.embedder.EclipseLogger - Copying 66 resources
2018-05-08 18:00:40,025 [Worker-34] INFO  o.e.m.c.i.embedder.EclipseLogger - Using 'UTF-8' encoding to copy filtered resources.
2018-05-08 18:00:40,026 [Worker-34] INFO  o.e.m.c.i.embedder.EclipseLogger - Copying 0 resource
2018-05-08 18:02:20,884 [Worker-31] INFO  o.e.m.c.i.embedder.EclipseLogger - Using 'UTF-8' encoding to copy filtered resources.
2018-05-08 18:02:20,889 [Worker-31] INFO  o.e.m.c.i.embedder.EclipseLogger - Copying 66 resources
2018-05-08 18:02:20,896 [Worker-31] INFO  o.e.m.c.i.embedder.EclipseLogger - Using 'UTF-8' encoding to copy filtered resources.
2018-05-08 18:02:20,896 [Worker-31] INFO  o.e.m.c.i.embedder.EclipseLogger - Copying 0 resource
2018-05-08 18:04:20,844 [Worker-32] INFO  o.e.m.c.i.embedder.EclipseLogger - Using 'UTF-8' encoding to copy filtered resources.
2018-05-08 18:04:20,850 [Worker-32] INFO  o.e.m.c.i.embedder.EclipseLogger - Copying 66 resources
2018-05-08 18:04:20,859 [Worker-32] INFO  o.e.m.c.i.embedder.EclipseLogger - Using 'UTF-8' encoding to copy filtered resources.
2018-05-08 18:04:20,859 [Worker-32] INFO  o.e.m.c.i.embedder.EclipseLogger - Copying 0 resource
2018-05-08 18:06:42,057 [Worker-40] INFO  o.e.m.c.i.embedder.EclipseLogger - Using 'UTF-8' encoding to copy filtered resources.
2018-05-08 18:06:42,065 [Worker-40] INFO  o.e.m.c.i.embedder.EclipseLogger - Copying 66 resources
2018-05-08 18:06:42,069 [Worker-40] INFO  o.e.m.c.i.embedder.EclipseLogger - Using 'UTF-8' encoding to copy filtered resources.
2018-05-08 18:06:42,069 [Worker-40] INFO  o.e.m.c.i.embedder.EclipseLogger - Copying 0 resource
2018-05-08 18:08:24,743 [Worker-35] INFO  o.e.m.c.i.embedder.EclipseLogger - Using 'UTF-8' encoding to copy filtered resources.
2018-05-08 18:08:24,747 [Worker-35] INFO  o.e.m.c.i.embedder.EclipseLogger - Copying 66 resources
2018-05-08 18:08:24,753 [Worker-35] INFO  o.e.m.c.i.embedder.EclipseLogger - Using 'UTF-8' encoding to copy filtered resources.
2018-05-08 18:08:24,753 [Worker-35] INFO  o.e.m.c.i.embedder.EclipseLogger - Copying 0 resource
2018-05-08 18:09:49,933 [Worker-31] INFO  o.e.m.c.i.embedder.EclipseLogger - Using 'UTF-8' encoding to copy filtered resources.
2018-05-08 18:09:49,937 [Worker-31] INFO  o.e.m.c.i.embedder.EclipseLogger - Copying 66 resources
2018-05-08 18:09:49,942 [Worker-31] INFO  o.e.m.c.i.embedder.EclipseLogger - Using 'UTF-8' encoding to copy filtered resources.
2018-05-08 18:09:49,942 [Worker-31] INFO  o.e.m.c.i.embedder.EclipseLogger - Copying 0 resource
2018-05-08 18:11:04,791 [Worker-40] INFO  o.e.m.c.i.embedder.EclipseLogger - Using 'UTF-8' encoding to copy filtered resources.
2018-05-08 18:11:04,797 [Worker-40] INFO  o.e.m.c.i.embedder.EclipseLogger - Copying 66 resources
2018-05-08 18:11:04,803 [Worker-40] INFO  o.e.m.c.i.embedder.EclipseLogger - Using 'UTF-8' encoding to copy filtered resources.
2018-05-08 18:11:04,804 [Worker-40] INFO  o.e.m.c.i.embedder.EclipseLogger - Copying 0 resource
2018-05-08 18:12:21,998 [Worker-41] INFO  o.e.m.c.i.embedder.EclipseLogger - Using 'UTF-8' encoding to copy filtered resources.
2018-05-08 18:12:22,007 [Worker-41] INFO  o.e.m.c.i.embedder.EclipseLogger - Copying 66 resources
2018-05-08 18:12:22,011 [Worker-41] INFO  o.e.m.c.i.embedder.EclipseLogger - Using 'UTF-8' encoding to copy filtered resources.
2018-05-08 18:12:22,011 [Worker-41] INFO  o.e.m.c.i.embedder.EclipseLogger - Copying 0 resource
2018-05-08 18:14:14,980 [Worker-42] INFO  o.e.m.c.i.embedder.EclipseLogger - Using 'UTF-8' encoding to copy filtered resources.
2018-05-08 18:14:14,983 [Worker-42] INFO  o.e.m.c.i.embedder.EclipseLogger - Copying 66 resources
2018-05-08 18:14:14,990 [Worker-42] INFO  o.e.m.c.i.embedder.EclipseLogger - Using 'UTF-8' encoding to copy filtered resources.
2018-05-08 18:14:14,991 [Worker-42] INFO  o.e.m.c.i.embedder.EclipseLogger - Copying 0 resource
2018-05-08 18:14:49,507 [Worker-31] INFO  o.e.m.c.i.embedder.EclipseLogger - Using 'UTF-8' encoding to copy filtered resources.
2018-05-08 18:14:49,511 [Worker-31] INFO  o.e.m.c.i.embedder.EclipseLogger - Copying 66 resources
2018-05-08 18:14:49,514 [Worker-31] INFO  o.e.m.c.i.embedder.EclipseLogger - Using 'UTF-8' encoding to copy filtered resources.
2018-05-08 18:14:49,515 [Worker-31] INFO  o.e.m.c.i.embedder.EclipseLogger - Copying 0 resource
2018-05-08 18:18:09,934 [Worker-31] INFO  o.e.m.c.i.embedder.EclipseLogger - Using 'UTF-8' encoding to copy filtered resources.
2018-05-08 18:18:09,940 [Worker-31] INFO  o.e.m.c.i.embedder.EclipseLogger - Copying 66 resources
2018-05-08 18:18:09,944 [Worker-31] INFO  o.e.m.c.i.embedder.EclipseLogger - Using 'UTF-8' encoding to copy filtered resources.
2018-05-08 18:18:09,945 [Worker-31] INFO  o.e.m.c.i.embedder.EclipseLogger - Copying 0 resource
2018-05-08 18:22:01,142 [Worker-43] INFO  o.e.m.c.i.embedder.EclipseLogger - Using 'UTF-8' encoding to copy filtered resources.
2018-05-08 18:22:01,148 [Worker-43] INFO  o.e.m.c.i.embedder.EclipseLogger - Copying 66 resources
2018-05-08 18:22:01,153 [Worker-43] INFO  o.e.m.c.i.embedder.EclipseLogger - Using 'UTF-8' encoding to copy filtered resources.
2018-05-08 18:22:01,153 [Worker-43] INFO  o.e.m.c.i.embedder.EclipseLogger - Copying 0 resource
2018-05-08 18:25:42,079 [Worker-48] INFO  o.e.m.c.i.embedder.EclipseLogger - Using 'UTF-8' encoding to copy filtered resources.
2018-05-08 18:25:42,087 [Worker-48] INFO  o.e.m.c.i.embedder.EclipseLogger - Copying 66 resources
2018-05-08 18:25:42,092 [Worker-48] INFO  o.e.m.c.i.embedder.EclipseLogger - Using 'UTF-8' encoding to copy filtered resources.
2018-05-08 18:25:42,092 [Worker-48] INFO  o.e.m.c.i.embedder.EclipseLogger - Copying 0 resource
2018-05-08 18:27:27,693 [Worker-43] INFO  o.e.m.c.i.embedder.EclipseLogger - Using 'UTF-8' encoding to copy filtered resources.
2018-05-08 18:27:27,696 [Worker-43] INFO  o.e.m.c.i.embedder.EclipseLogger - Copying 66 resources
2018-05-08 18:27:27,700 [Worker-43] INFO  o.e.m.c.i.embedder.EclipseLogger - Using 'UTF-8' encoding to copy filtered resources.
2018-05-08 18:27:27,700 [Worker-43] INFO  o.e.m.c.i.embedder.EclipseLogger - Copying 0 resource
2018-05-08 18:28:05,633 [Worker-43] INFO  o.e.m.c.i.embedder.EclipseLogger - Using 'UTF-8' encoding to copy filtered resources.
2018-05-08 18:28:05,637 [Worker-43] INFO  o.e.m.c.i.embedder.EclipseLogger - Copying 66 resources
2018-05-08 18:28:05,643 [Worker-43] INFO  o.e.m.c.i.embedder.EclipseLogger - Using 'UTF-8' encoding to copy filtered resources.
2018-05-08 18:28:05,644 [Worker-43] INFO  o.e.m.c.i.embedder.EclipseLogger - Copying 0 resource
2018-05-08 18:32:22,695 [Worker-39] INFO  o.e.m.c.i.embedder.EclipseLogger - Using 'UTF-8' encoding to copy filtered resources.
2018-05-08 18:32:22,701 [Worker-39] INFO  o.e.m.c.i.embedder.EclipseLogger - Copying 66 resources
2018-05-08 18:32:22,707 [Worker-39] INFO  o.e.m.c.i.embedder.EclipseLogger - Using 'UTF-8' encoding to copy filtered resources.
2018-05-08 18:32:22,707 [Worker-39] INFO  o.e.m.c.i.embedder.EclipseLogger - Copying 0 resource
2018-05-08 18:34:10,604 [Worker-50] INFO  o.e.m.c.i.embedder.EclipseLogger - Using 'UTF-8' encoding to copy filtered resources.
2018-05-08 18:34:10,609 [Worker-50] INFO  o.e.m.c.i.embedder.EclipseLogger - Copying 66 resources
2018-05-08 18:34:10,614 [Worker-50] INFO  o.e.m.c.i.embedder.EclipseLogger - Using 'UTF-8' encoding to copy filtered resources.
2018-05-08 18:34:10,615 [Worker-50] INFO  o.e.m.c.i.embedder.EclipseLogger - Copying 0 resource
2018-05-09 10:10:28,088 [Worker-116] INFO  o.e.m.c.i.embedder.EclipseLogger - Using 'UTF-8' encoding to copy filtered resources.
2018-05-09 10:10:28,100 [Worker-116] INFO  o.e.m.c.i.embedder.EclipseLogger - Copying 66 resources
2018-05-09 10:10:28,115 [Worker-116] INFO  o.e.m.c.i.embedder.EclipseLogger - Using 'UTF-8' encoding to copy filtered resources.
2018-05-09 10:10:28,115 [Worker-116] INFO  o.e.m.c.i.embedder.EclipseLogger - Copying 0 resource
2018-05-09 10:17:33,553 [Worker-109] INFO  o.e.m.c.i.embedder.EclipseLogger - Using 'UTF-8' encoding to copy filtered resources.
2018-05-09 10:17:33,564 [Worker-109] INFO  o.e.m.c.i.embedder.EclipseLogger - Copying 66 resources
2018-05-09 10:17:33,589 [Worker-109] INFO  o.e.m.c.i.embedder.EclipseLogger - Using 'UTF-8' encoding to copy filtered resources.
2018-05-09 10:17:33,589 [Worker-109] INFO  o.e.m.c.i.embedder.EclipseLogger - Copying 0 resource
2018-05-09 10:18:13,454 [Worker-120] INFO  o.e.m.c.i.embedder.EclipseLogger - Using 'UTF-8' encoding to copy filtered resources.
2018-05-09 10:18:13,459 [Worker-120] INFO  o.e.m.c.i.embedder.EclipseLogger - Copying 66 resources
2018-05-09 10:18:13,465 [Worker-120] INFO  o.e.m.c.i.embedder.EclipseLogger - Using 'UTF-8' encoding to copy filtered resources.
2018-05-09 10:18:13,466 [Worker-120] INFO  o.e.m.c.i.embedder.EclipseLogger - Copying 0 resource
2018-05-09 10:19:57,345 [Worker-107] INFO  o.e.m.c.i.embedder.EclipseLogger - Using 'UTF-8' encoding to copy filtered resources.
2018-05-09 10:19:57,351 [Worker-107] INFO  o.e.m.c.i.embedder.EclipseLogger - Copying 66 resources
2018-05-09 10:19:57,358 [Worker-107] INFO  o.e.m.c.i.embedder.EclipseLogger - Using 'UTF-8' encoding to copy filtered resources.
2018-05-09 10:19:57,358 [Worker-107] INFO  o.e.m.c.i.embedder.EclipseLogger - Copying 0 resource
2018-05-09 10:22:10,234 [Worker-122] INFO  o.e.m.c.i.embedder.EclipseLogger - Using 'UTF-8' encoding to copy filtered resources.
2018-05-09 10:22:10,240 [Worker-122] INFO  o.e.m.c.i.embedder.EclipseLogger - Copying 66 resources
2018-05-09 10:22:10,248 [Worker-122] INFO  o.e.m.c.i.embedder.EclipseLogger - Using 'UTF-8' encoding to copy filtered resources.
2018-05-09 10:22:10,249 [Worker-122] INFO  o.e.m.c.i.embedder.EclipseLogger - Copying 0 resource
2018-05-09 10:25:19,161 [Worker-122] INFO  o.e.m.c.i.embedder.EclipseLogger - Using 'UTF-8' encoding to copy filtered resources.
2018-05-09 10:25:19,175 [Worker-122] INFO  o.e.m.c.i.embedder.EclipseLogger - Copying 66 resources
2018-05-09 10:25:19,185 [Worker-122] INFO  o.e.m.c.i.embedder.EclipseLogger - Using 'UTF-8' encoding to copy filtered resources.
2018-05-09 10:25:19,186 [Worker-122] INFO  o.e.m.c.i.embedder.EclipseLogger - Copying 0 resource
2018-05-09 10:25:55,546 [Worker-127] INFO  o.e.m.c.i.embedder.EclipseLogger - Using 'UTF-8' encoding to copy filtered resources.
2018-05-09 10:25:55,554 [Worker-127] INFO  o.e.m.c.i.embedder.EclipseLogger - Copying 66 resources
2018-05-09 10:25:55,561 [Worker-127] INFO  o.e.m.c.i.embedder.EclipseLogger - Using 'UTF-8' encoding to copy filtered resources.
2018-05-09 10:25:55,562 [Worker-127] INFO  o.e.m.c.i.embedder.EclipseLogger - Copying 0 resource
2018-05-09 10:26:56,152 [Worker-129] INFO  o.e.m.c.i.embedder.EclipseLogger - Using 'UTF-8' encoding to copy filtered resources.
2018-05-09 10:26:56,159 [Worker-129] INFO  o.e.m.c.i.embedder.EclipseLogger - Copying 66 resources
2018-05-09 10:26:56,170 [Worker-129] INFO  o.e.m.c.i.embedder.EclipseLogger - Using 'UTF-8' encoding to copy filtered resources.
2018-05-09 10:26:56,171 [Worker-129] INFO  o.e.m.c.i.embedder.EclipseLogger - Copying 0 resource
2018-05-09 10:29:08,389 [Worker-129] INFO  o.e.m.c.i.embedder.EclipseLogger - Using 'UTF-8' encoding to copy filtered resources.
2018-05-09 10:29:08,400 [Worker-129] INFO  o.e.m.c.i.embedder.EclipseLogger - Copying 66 resources
2018-05-09 10:29:08,405 [Worker-129] INFO  o.e.m.c.i.embedder.EclipseLogger - Using 'UTF-8' encoding to copy filtered resources.
2018-05-09 10:29:08,405 [Worker-129] INFO  o.e.m.c.i.embedder.EclipseLogger - Copying 0 resource
2018-05-09 10:31:44,681 [Worker-109] INFO  o.e.m.c.i.embedder.EclipseLogger - Using 'UTF-8' encoding to copy filtered resources.
2018-05-09 10:31:44,687 [Worker-109] INFO  o.e.m.c.i.embedder.EclipseLogger - Copying 66 resources
2018-05-09 10:31:44,692 [Worker-109] INFO  o.e.m.c.i.embedder.EclipseLogger - Using 'UTF-8' encoding to copy filtered resources.
2018-05-09 10:31:44,692 [Worker-109] INFO  o.e.m.c.i.embedder.EclipseLogger - Copying 0 resource
2018-05-09 10:32:28,730 [Worker-119] INFO  o.e.m.c.i.embedder.EclipseLogger - Using 'UTF-8' encoding to copy filtered resources.
2018-05-09 10:32:28,733 [Worker-119] INFO  o.e.m.c.i.embedder.EclipseLogger - Copying 66 resources
2018-05-09 10:32:28,738 [Worker-119] INFO  o.e.m.c.i.embedder.EclipseLogger - Using 'UTF-8' encoding to copy filtered resources.
2018-05-09 10:32:28,739 [Worker-119] INFO  o.e.m.c.i.embedder.EclipseLogger - Copying 0 resource
2018-05-09 10:33:50,908 [Worker-109] INFO  o.e.m.c.i.embedder.EclipseLogger - Using 'UTF-8' encoding to copy filtered resources.
2018-05-09 10:33:50,911 [Worker-109] INFO  o.e.m.c.i.embedder.EclipseLogger - Copying 66 resources
2018-05-09 10:33:50,915 [Worker-109] INFO  o.e.m.c.i.embedder.EclipseLogger - Using 'UTF-8' encoding to copy filtered resources.
2018-05-09 10:33:50,916 [Worker-109] INFO  o.e.m.c.i.embedder.EclipseLogger - Copying 0 resource
2018-05-09 10:34:39,304 [Worker-129] INFO  o.e.m.c.i.embedder.EclipseLogger - Using 'UTF-8' encoding to copy filtered resources.
2018-05-09 10:34:39,309 [Worker-129] INFO  o.e.m.c.i.embedder.EclipseLogger - Copying 66 resources
2018-05-09 10:34:39,313 [Worker-129] INFO  o.e.m.c.i.embedder.EclipseLogger - Using 'UTF-8' encoding to copy filtered resources.
2018-05-09 10:34:39,314 [Worker-129] INFO  o.e.m.c.i.embedder.EclipseLogger - Copying 0 resource
2018-05-09 10:35:19,369 [Worker-129] INFO  o.e.m.c.i.embedder.EclipseLogger - Using 'UTF-8' encoding to copy filtered resources.
2018-05-09 10:35:19,372 [Worker-129] INFO  o.e.m.c.i.embedder.EclipseLogger - Copying 66 resources
2018-05-09 10:35:19,376 [Worker-129] INFO  o.e.m.c.i.embedder.EclipseLogger - Using 'UTF-8' encoding to copy filtered resources.
2018-05-09 10:35:19,376 [Worker-129] INFO  o.e.m.c.i.embedder.EclipseLogger - Copying 0 resource
2018-05-09 10:36:15,447 [Worker-133] INFO  o.e.m.c.i.embedder.EclipseLogger - Using 'UTF-8' encoding to copy filtered resources.
2018-05-09 10:36:15,462 [Worker-133] INFO  o.e.m.c.i.embedder.EclipseLogger - Copying 66 resources
2018-05-09 10:36:15,468 [Worker-133] INFO  o.e.m.c.i.embedder.EclipseLogger - Using 'UTF-8' encoding to copy filtered resources.
2018-05-09 10:36:15,469 [Worker-133] INFO  o.e.m.c.i.embedder.EclipseLogger - Copying 0 resource
2018-05-09 10:37:22,212 [Worker-133] INFO  o.e.m.c.i.embedder.EclipseLogger - Using 'UTF-8' encoding to copy filtered resources.
2018-05-09 10:37:22,217 [Worker-133] INFO  o.e.m.c.i.embedder.EclipseLogger - Copying 66 resources
2018-05-09 10:37:22,225 [Worker-133] INFO  o.e.m.c.i.embedder.EclipseLogger - Using 'UTF-8' encoding to copy filtered resources.
2018-05-09 10:37:22,225 [Worker-133] INFO  o.e.m.c.i.embedder.EclipseLogger - Copying 0 resource
2018-05-09 10:38:27,553 [Worker-131] INFO  o.e.m.c.i.embedder.EclipseLogger - Using 'UTF-8' encoding to copy filtered resources.
2018-05-09 10:38:27,556 [Worker-131] INFO  o.e.m.c.i.embedder.EclipseLogger - Copying 66 resources
2018-05-09 10:38:27,560 [Worker-131] INFO  o.e.m.c.i.embedder.EclipseLogger - Using 'UTF-8' encoding to copy filtered resources.
2018-05-09 10:38:27,560 [Worker-131] INFO  o.e.m.c.i.embedder.EclipseLogger - Copying 0 resource
2018-05-09 10:39:28,615 [Worker-129] INFO  o.e.m.c.i.embedder.EclipseLogger - Using 'UTF-8' encoding to copy filtered resources.
2018-05-09 10:39:28,621 [Worker-129] INFO  o.e.m.c.i.embedder.EclipseLogger - Copying 66 resources
2018-05-09 10:39:28,628 [Worker-129] INFO  o.e.m.c.i.embedder.EclipseLogger - Using 'UTF-8' encoding to copy filtered resources.
2018-05-09 10:39:28,628 [Worker-129] INFO  o.e.m.c.i.embedder.EclipseLogger - Copying 0 resource
2018-05-09 10:40:01,095 [Worker-129] INFO  o.e.m.c.i.embedder.EclipseLogger - Using 'UTF-8' encoding to copy filtered resources.
2018-05-09 10:40:01,100 [Worker-129] INFO  o.e.m.c.i.embedder.EclipseLogger - Copying 66 resources
2018-05-09 10:40:01,104 [Worker-129] INFO  o.e.m.c.i.embedder.EclipseLogger - Using 'UTF-8' encoding to copy filtered resources.
2018-05-09 10:40:01,104 [Worker-129] INFO  o.e.m.c.i.embedder.EclipseLogger - Copying 0 resource
2018-05-09 10:40:49,744 [Worker-126] INFO  o.e.m.c.i.embedder.EclipseLogger - Using 'UTF-8' encoding to copy filtered resources.
2018-05-09 10:40:49,749 [Worker-126] INFO  o.e.m.c.i.embedder.EclipseLogger - Copying 66 resources
2018-05-09 10:40:49,754 [Worker-126] INFO  o.e.m.c.i.embedder.EclipseLogger - Using 'UTF-8' encoding to copy filtered resources.
2018-05-09 10:40:49,755 [Worker-126] INFO  o.e.m.c.i.embedder.EclipseLogger - Copying 0 resource
2018-05-09 10:41:51,913 [Worker-126] INFO  o.e.m.c.i.embedder.EclipseLogger - Using 'UTF-8' encoding to copy filtered resources.
2018-05-09 10:41:51,918 [Worker-126] INFO  o.e.m.c.i.embedder.EclipseLogger - Copying 66 resources
2018-05-09 10:41:51,923 [Worker-126] INFO  o.e.m.c.i.embedder.EclipseLogger - Using 'UTF-8' encoding to copy filtered resources.
2018-05-09 10:41:51,924 [Worker-126] INFO  o.e.m.c.i.embedder.EclipseLogger - Copying 0 resource
2018-05-09 10:42:37,077 [Worker-129] INFO  o.e.m.c.i.embedder.EclipseLogger - Using 'UTF-8' encoding to copy filtered resources.
2018-05-09 10:42:37,081 [Worker-129] INFO  o.e.m.c.i.embedder.EclipseLogger - Copying 66 resources
2018-05-09 10:42:37,087 [Worker-129] INFO  o.e.m.c.i.embedder.EclipseLogger - Using 'UTF-8' encoding to copy filtered resources.
2018-05-09 10:42:37,087 [Worker-129] INFO  o.e.m.c.i.embedder.EclipseLogger - Copying 0 resource
2018-05-09 10:43:31,518 [Worker-133] INFO  o.e.m.c.i.embedder.EclipseLogger - Using 'UTF-8' encoding to copy filtered resources.
2018-05-09 10:43:31,522 [Worker-133] INFO  o.e.m.c.i.embedder.EclipseLogger - Copying 66 resources
2018-05-09 10:43:31,527 [Worker-133] INFO  o.e.m.c.i.embedder.EclipseLogger - Using 'UTF-8' encoding to copy filtered resources.
2018-05-09 10:43:31,527 [Worker-133] INFO  o.e.m.c.i.embedder.EclipseLogger - Copying 0 resource
2018-05-09 10:45:03,139 [Worker-134] INFO  o.e.m.c.i.embedder.EclipseLogger - Using 'UTF-8' encoding to copy filtered resources.
2018-05-09 10:45:03,143 [Worker-134] INFO  o.e.m.c.i.embedder.EclipseLogger - Copying 66 resources
2018-05-09 10:45:03,150 [Worker-134] INFO  o.e.m.c.i.embedder.EclipseLogger - Using 'UTF-8' encoding to copy filtered resources.
2018-05-09 10:45:03,150 [Worker-134] INFO  o.e.m.c.i.embedder.EclipseLogger - Copying 0 resource
2018-05-09 10:46:05,730 [Worker-109] INFO  o.e.m.c.i.embedder.EclipseLogger - Using 'UTF-8' encoding to copy filtered resources.
2018-05-09 10:46:05,735 [Worker-109] INFO  o.e.m.c.i.embedder.EclipseLogger - Copying 66 resources
2018-05-09 10:46:05,739 [Worker-109] INFO  o.e.m.c.i.embedder.EclipseLogger - Using 'UTF-8' encoding to copy filtered resources.
2018-05-09 10:46:05,739 [Worker-109] INFO  o.e.m.c.i.embedder.EclipseLogger - Copying 0 resource
2018-05-09 10:46:41,240 [Worker-134] INFO  o.e.m.c.i.embedder.EclipseLogger - Using 'UTF-8' encoding to copy filtered resources.
2018-05-09 10:46:41,244 [Worker-134] INFO  o.e.m.c.i.embedder.EclipseLogger - Copying 66 resources
2018-05-09 10:46:41,249 [Worker-134] INFO  o.e.m.c.i.embedder.EclipseLogger - Using 'UTF-8' encoding to copy filtered resources.
2018-05-09 10:46:41,249 [Worker-134] INFO  o.e.m.c.i.embedder.EclipseLogger - Copying 0 resource
2018-05-09 10:47:17,343 [Worker-133] INFO  o.e.m.c.i.embedder.EclipseLogger - Using 'UTF-8' encoding to copy filtered resources.
2018-05-09 10:47:17,349 [Worker-133] INFO  o.e.m.c.i.embedder.EclipseLogger - Copying 66 resources
2018-05-09 10:47:17,355 [Worker-133] INFO  o.e.m.c.i.embedder.EclipseLogger - Using 'UTF-8' encoding to copy filtered resources.
2018-05-09 10:47:17,355 [Worker-133] INFO  o.e.m.c.i.embedder.EclipseLogger - Copying 0 resource
2018-05-09 10:48:26,351 [Worker-129] INFO  o.e.m.c.i.embedder.EclipseLogger - Using 'UTF-8' encoding to copy filtered resources.
2018-05-09 10:48:26,355 [Worker-129] INFO  o.e.m.c.i.embedder.EclipseLogger - Copying 66 resources
2018-05-09 10:48:26,359 [Worker-129] INFO  o.e.m.c.i.embedder.EclipseLogger - Using 'UTF-8' encoding to copy filtered resources.
2018-05-09 10:48:26,359 [Worker-129] INFO  o.e.m.c.i.embedder.EclipseLogger - Copying 0 resource
2018-05-09 10:49:33,184 [Worker-119] INFO  o.e.m.c.i.embedder.EclipseLogger - Using 'UTF-8' encoding to copy filtered resources.
2018-05-09 10:49:33,192 [Worker-119] INFO  o.e.m.c.i.embedder.EclipseLogger - Copying 66 resources
2018-05-09 10:49:33,195 [Worker-119] INFO  o.e.m.c.i.embedder.EclipseLogger - Using 'UTF-8' encoding to copy filtered resources.
2018-05-09 10:49:33,195 [Worker-119] INFO  o.e.m.c.i.embedder.EclipseLogger - Copying 0 resource
2018-05-09 10:52:06,164 [Worker-129] INFO  o.e.m.c.i.embedder.EclipseLogger - Using 'UTF-8' encoding to copy filtered resources.
2018-05-09 10:52:06,168 [Worker-129] INFO  o.e.m.c.i.embedder.EclipseLogger - Copying 66 resources
2018-05-09 10:52:06,174 [Worker-129] INFO  o.e.m.c.i.embedder.EclipseLogger - Using 'UTF-8' encoding to copy filtered resources.
2018-05-09 10:52:06,175 [Worker-129] INFO  o.e.m.c.i.embedder.EclipseLogger - Copying 0 resource
2018-05-09 10:52:45,726 [Worker-129] INFO  o.e.m.c.i.embedder.EclipseLogger - Using 'UTF-8' encoding to copy filtered resources.
2018-05-09 10:52:45,733 [Worker-129] INFO  o.e.m.c.i.embedder.EclipseLogger - Copying 66 resources
2018-05-09 10:52:45,738 [Worker-129] INFO  o.e.m.c.i.embedder.EclipseLogger - Using 'UTF-8' encoding to copy filtered resources.
2018-05-09 10:52:45,738 [Worker-129] INFO  o.e.m.c.i.embedder.EclipseLogger - Copying 0 resource
2018-05-09 10:53:29,718 [Worker-137] INFO  o.e.m.c.i.embedder.EclipseLogger - Using 'UTF-8' encoding to copy filtered resources.
2018-05-09 10:53:29,723 [Worker-137] INFO  o.e.m.c.i.embedder.EclipseLogger - Copying 66 resources
2018-05-09 10:53:29,732 [Worker-137] INFO  o.e.m.c.i.embedder.EclipseLogger - Using 'UTF-8' encoding to copy filtered resources.
2018-05-09 10:53:29,733 [Worker-137] INFO  o.e.m.c.i.embedder.EclipseLogger - Copying 0 resource
